<?xml version="1.0" encoding="UTF-8"?>
<robot generator="Robot 6.0.1 (Python 3.10.4 on darwin)" generated="20230202 19:53:32.683" rpa="false" schemaversion="3">
<suite id="s1" name="Test Case 1" source="/Users/administrador/Desktop/Curso/RobotFramework/Teste/TestCases/test_case_1.robot">
<test id="s1-t1" name="Valid search" line="12">
<kw name="Open Browser To Login Page">
<kw name="Open Browser" library="SeleniumLibrary">
<arg>${LOGIN URL}</arg>
<arg>${BROWSER}</arg>
<doc>Opens a new browser instance to the optional ``url``.</doc>
<msg timestamp="20230202 19:53:33.171" level="INFO">Opening browser 'Chrome' to base url 'https://blogdoagi.com.br/'.</msg>
<msg timestamp="20230202 19:53:33.202" level="INFO">Cannot capture screenshot because no browser is open.</msg>
<msg timestamp="20230202 19:53:33.206" level="FAIL">WebDriverException: Message: 'chromedriver' executable needs to be in PATH. Please see https://chromedriver.chromium.org/home
</msg>
<status status="FAIL" starttime="20230202 19:53:33.163" endtime="20230202 19:53:33.224"/>
</kw>
<kw name="Title Should Be" library="SeleniumLibrary">
<arg>Login Page</arg>
<doc>Verifies that the current page title equals ``title``.</doc>
<status status="NOT RUN" starttime="20230202 19:53:33.226" endtime="20230202 19:53:33.226"/>
</kw>
<status status="FAIL" starttime="20230202 19:53:33.148" endtime="20230202 19:53:33.227"/>
</kw>
<kw name="Input Text">
<arg>novo</arg>
<status status="NOT RUN" starttime="20230202 19:53:33.234" endtime="20230202 19:53:33.235"/>
</kw>
<kw name="Close Browser" library="SeleniumLibrary" type="TEARDOWN">
<doc>Closes the current browser.</doc>
<status status="PASS" starttime="20230202 19:53:33.255" endtime="20230202 19:53:33.256"/>
</kw>
<status status="FAIL" starttime="20230202 19:53:33.144" endtime="20230202 19:53:33.258">WebDriverException: Message: 'chromedriver' executable needs to be in PATH. Please see https://chromedriver.chromium.org/home
</status>
</test>
<doc>Simple example using SeleniumLibrary.</doc>
<status status="FAIL" starttime="20230202 19:53:32.696" endtime="20230202 19:53:33.272"/>
</suite>
<statistics>
<total>
<stat pass="0" fail="1" skip="0">All Tests</stat>
</total>
<tag>
</tag>
<suite>
<stat pass="0" fail="1" skip="0" id="s1" name="Test Case 1">Test Case 1</stat>
</suite>
</statistics>
<errors>
</errors>
</robot>
